TN:
SF:src/app.ts
FNF:0
FNH:0
DA:1,0
DA:3,0
DA:4,0
DA:6,0
LF:4
LH:0
BRF:0
BRH:0
end_of_record
TN:
SF:src/server.ts
FN:17,(anonymous_7)
FN:23,(anonymous_8)
FN:28,(anonymous_9)
FN:33,(anonymous_10)
FNF:4
FNH:0
FNDA:0,(anonymous_7)
FNDA:0,(anonymous_8)
FNDA:0,(anonymous_9)
FNDA:0,(anonymous_10)
DA:1,0
DA:2,0
DA:4,0
DA:5,0
DA:7,0
DA:9,0
DA:13,0
DA:18,0
DA:19,0
DA:20,0
DA:24,0
DA:25,0
DA:29,0
DA:30,0
DA:34,0
LF:15
LH:0
BRF:0
BRH:0
end_of_record
TN:
SF:src/settings.ts
FNF:0
FNH:0
DA:1,0
DA:3,0
LF:2
LH:0
BRDA:4,0,0,0
BRDA:4,0,1,0
BRDA:5,1,0,0
BRDA:5,1,1,0
BRDA:6,2,0,0
BRDA:6,2,1,0
BRF:6
BRH:0
end_of_record
TN:
SF:src/common/constant.ts
FN:1,(anonymous_0)
FNF:1
FNH:0
FNDA:0,(anonymous_0)
DA:1,0
DA:2,0
DA:3,0
DA:4,0
DA:5,0
DA:8,0
DA:9,0
DA:10,0
DA:12,0
DA:13,0
DA:14,0
DA:17,0
DA:18,0
DA:19,0
DA:20,0
DA:21,0
DA:22,0
DA:23,0
DA:24,0
DA:25,0
DA:26,0
DA:27,0
DA:28,0
DA:29,0
DA:30,0
DA:31,0
DA:32,0
DA:33,0
DA:35,0
DA:36,0
DA:37,0
DA:38,0
DA:39,0
DA:40,0
DA:41,0
DA:42,0
DA:43,0
DA:44,0
DA:45,0
DA:46,0
DA:47,0
DA:48,0
DA:49,0
DA:50,0
DA:51,0
DA:52,0
DA:53,0
DA:54,0
DA:55,0
DA:56,0
DA:57,0
DA:58,0
DA:59,0
DA:60,0
DA:61,0
DA:62,0
DA:63,0
DA:64,0
DA:65,0
DA:66,0
LF:60
LH:0
BRDA:1,0,0,0
BRDA:1,0,1,0
BRF:2
BRH:0
end_of_record
TN:
SF:src/common/index.ts
FN:4,(anonymous_0)
FN:4,(anonymous_1)
FNF:2
FNH:2
FNDA:2,(anonymous_0)
FNDA:3,(anonymous_1)
DA:1,1
DA:2,1
DA:4,4
LF:3
LH:3
BRF:0
BRH:0
end_of_record
TN:
SF:src/common/logService.ts
FN:18,(anonymous_7)
FN:42,(anonymous_8)
FN:62,(anonymous_9)
FNF:3
FNH:3
FNDA:7,(anonymous_7)
FNDA:4,(anonymous_8)
FNDA:2,(anonymous_9)
DA:1,1
DA:2,1
DA:3,1
DA:6,1
DA:19,7
DA:20,0
DA:21,0
DA:27,7
DA:43,4
DA:44,0
DA:45,0
DA:51,4
DA:63,2
LF:13
LH:9
BRDA:19,0,0,0
BRDA:19,0,1,7
BRDA:19,1,0,7
BRDA:19,1,1,7
BRDA:43,2,0,0
BRDA:43,2,1,4
BRDA:43,3,0,4
BRDA:43,3,1,4
BRF:8
BRH:6
end_of_record
TN:
SF:src/common/constants/error-codes-map.ts
FNF:0
FNH:0
DA:1,1
LF:1
LH:1
BRF:0
BRH:0
end_of_record
TN:
SF:src/common/interfaces/custom-errors.ts
FN:5,(anonymous_0)
FNF:1
FNH:1
FNDA:1,(anonymous_0)
DA:1,1
DA:5,1
DA:6,1
DA:10,1
DA:11,1
DA:12,1
DA:13,1
DA:14,1
LF:8
LH:8
BRF:0
BRH:0
end_of_record
TN:
SF:src/common/logger/devLogger.ts
FNF:0
FNH:0
DA:1,1
DA:3,1
DA:10,1
DA:17,1
DA:22,1
LF:5
LH:5
BRF:0
BRH:0
end_of_record
TN:
SF:src/common/logger/index.ts
FNF:0
FNH:0
DA:2,1
DA:3,1
DA:6,1
DA:7,0
DA:9,1
DA:12,1
LF:6
LH:5
BRDA:6,0,0,0
BRDA:6,0,1,1
BRF:2
BRH:1
end_of_record
TN:
SF:src/common/logger/prodLogger.ts
FNF:0
FNH:0
DA:1,1
DA:3,1
DA:9,1
DA:11,1
DA:16,1
LF:5
LH:5
BRF:0
BRH:0
end_of_record
TN:
SF:src/museum/controller.ts
FN:18,(anonymous_1)
FNF:1
FNH:1
FNDA:2,(anonymous_1)
DA:2,1
DA:3,1
DA:4,1
DA:5,1
DA:7,1
DA:19,2
DA:20,2
DA:21,2
DA:22,2
DA:23,2
DA:25,2
DA:26,1
DA:31,1
DA:32,1
DA:34,2
DA:35,2
LF:16
LH:16
BRDA:25,0,0,1
BRDA:25,0,1,1
BRF:2
BRH:2
end_of_record
TN:
SF:src/museum/handler.ts
FN:4,(anonymous_0)
FNF:1
FNH:0
FNDA:0,(anonymous_0)
DA:2,0
DA:4,0
DA:5,0
LF:3
LH:0
BRF:0
BRH:0
end_of_record
TN:
SF:src/museum/helper.ts
FN:17,(anonymous_1)
FN:39,(anonymous_2)
FN:43,(anonymous_3)
FN:65,(anonymous_4)
FN:125,(anonymous_5)
FNF:5
FNH:1
FNDA:0,(anonymous_1)
FNDA:0,(anonymous_2)
FNDA:0,(anonymous_3)
FNDA:1,(anonymous_4)
FNDA:0,(anonymous_5)
DA:1,1
DA:3,1
DA:4,1
DA:5,1
DA:6,1
DA:8,1
DA:18,0
DA:19,0
DA:20,0
DA:28,0
DA:32,0
DA:34,0
DA:35,0
DA:40,0
DA:41,0
DA:42,0
DA:43,0
DA:44,0
DA:45,0
DA:46,0
DA:49,0
DA:51,0
DA:52,0
DA:66,1
DA:67,1
DA:68,1
DA:69,0
DA:70,0
DA:71,0
DA:72,0
DA:73,0
DA:74,0
DA:77,0
DA:78,0
DA:79,0
DA:80,0
DA:85,0
DA:86,0
DA:87,0
DA:88,0
DA:93,0
DA:94,0
DA:95,0
DA:100,0
DA:102,0
DA:103,0
DA:108,0
DA:117,0
DA:118,0
DA:120,1
DA:121,1
DA:126,0
DA:127,0
DA:128,0
DA:129,0
DA:130,0
DA:131,0
DA:132,0
DA:133,0
DA:134,0
DA:135,0
DA:139,0
DA:140,0
LF:63
LH:11
BRDA:45,0,0,0
BRDA:45,0,1,0
BRDA:79,1,0,0
BRDA:79,1,1,0
BRDA:79,2,0,0
BRDA:79,2,1,0
BRDA:85,3,0,0
BRDA:85,3,1,0
BRDA:86,4,0,0
BRDA:86,4,1,0
BRDA:93,5,0,0
BRDA:93,5,1,0
BRDA:117,6,0,0
BRDA:117,6,1,0
BRDA:130,7,0,0
BRDA:130,7,1,0
BRDA:130,8,0,0
BRDA:130,8,1,0
BRDA:130,8,2,0
BRDA:133,9,0,0
BRDA:133,9,1,0
BRF:21
BRH:0
end_of_record
TN:
SF:src/museum/service.ts
FN:15,(anonymous_0)
FNF:1
FNH:1
FNDA:1,(anonymous_0)
DA:1,1
DA:2,1
DA:3,1
DA:5,1
DA:16,1
DA:18,1
DA:19,1
DA:20,1
DA:21,1
DA:22,0
DA:24,1
DA:25,1
LF:12
LH:11
BRF:0
BRH:0
end_of_record
TN:
SF:src/routes/index.ts
FN:11,(anonymous_0)
FNF:1
FNH:0
FNDA:0,(anonymous_0)
DA:2,0
DA:3,0
DA:5,0
DA:11,0
DA:12,0
DA:13,0
LF:6
LH:0
BRF:0
BRH:0
end_of_record
